<?xml version="1.0" encoding="UTF-8"?>
<!-- Generated by org.testng.reporters.JUnitReportReporter -->
<testsuite hostname="LAPTOP-G7E9IMHO" failures="0" tests="1" name="facebook.mutlisele" time="52.225" errors="0" timestamp="2024-06-29T09:36:15 IST" skipped="0">
  <testcase classname="facebook.mutlisele" name="selection" time="52.225"/>
</testsuite> <!-- facebook.mutlisele -->
