<?xml version="1.0" encoding="UTF-8"?>
<!-- Generated by org.testng.reporters.JUnitReportReporter -->
<testsuite hostname="LAPTOP-G7E9IMHO" failures="0" tests="1" name="projectpro.Base" time="22.753" errors="0" timestamp="2024-06-11T08:00:29 IST" skipped="0">
  <testcase classname="projectpro.Base" name="browser" time="22.753"/>
</testsuite> <!-- projectpro.Base -->
