<?xml version="1.0" encoding="UTF-8"?>
<!-- Generated by org.testng.reporters.JUnitReportReporter -->
<testsuite hostname="LAPTOP-G7E9IMHO" failures="0" tests="1" name="peoplerejectedme.Demo9" time="57.250" errors="0" timestamp="2024-06-29T16:39:08 IST" skipped="0">
  <testcase classname="peoplerejectedme.Demo9" name="calender" time="57.250"/>
</testsuite> <!-- peoplerejectedme.Demo9 -->
