<?xml version="1.0" encoding="UTF-8"?>
<!-- Generated by org.testng.reporters.JUnitReportReporter -->
<testsuite hostname="LAPTOP-G7E9IMHO" failures="0" tests="1" name="projectpro.listener1" time="75.821" errors="0" timestamp="2024-06-12T16:25:13 IST" skipped="0">
  <testcase classname="projectpro.listener1" name="test" time="75.821"/>
</testsuite> <!-- projectpro.listener1 -->
