<?xml version="1.0" encoding="UTF-8"?>
<!-- Generated by org.testng.reporters.JUnitReportReporter -->
<testsuite hostname="LAPTOP-G7E9IMHO" failures="0" tests="1" name="facebook.calender" time="32.812" errors="0" timestamp="2024-06-08T12:37:15 IST" skipped="0">
  <testcase classname="facebook.calender" name="cal" time="32.812"/>
</testsuite> <!-- facebook.calender -->
