<?xml version="1.0" encoding="UTF-8"?>
<!-- Generated by org.testng.reporters.JUnitReportReporter -->
<testsuite hostname="LAPTOP-G7E9IMHO" failures="0" tests="1" name="peoplerejectedme.Demo3" time="24.032" errors="0" timestamp="2024-06-26T11:18:03 IST" skipped="0">
  <testcase classname="peoplerejectedme.Demo3" name="select" time="24.032"/>
</testsuite> <!-- peoplerejectedme.Demo3 -->
