<?xml version="1.0" encoding="UTF-8"?>
<!-- Generated by org.testng.reporters.JUnitReportReporter -->
<testsuite hostname="LAPTOP-G7E9IMHO" failures="0" tests="1" name="peoplerejectedme.slider" time="28.386" errors="0" timestamp="2024-06-29T14:58:48 IST" skipped="0">
  <testcase classname="peoplerejectedme.slider" name="slide" time="28.386"/>
</testsuite> <!-- peoplerejectedme.slider -->
