<?xml version="1.0" encoding="UTF-8"?>
<!-- Generated by org.testng.reporters.JUnitReportReporter -->
<testsuite hostname="LAPTOP-G7E9IMHO" failures="0" tests="1" name="peoplerejectedme.Demo1" time="65.243" errors="0" timestamp="2024-06-21T10:24:30 IST" skipped="0">
  <testcase classname="peoplerejectedme.Demo1" name="input" time="65.243"/>
</testsuite> <!-- peoplerejectedme.Demo1 -->
