<?xml version="1.0" encoding="UTF-8"?>
<!-- Generated by org.testng.reporters.JUnitReportReporter -->
<testsuite hostname="LAPTOP-G7E9IMHO" failures="0" tests="1" name="projectpro.Testp" time="55.418" errors="0" timestamp="2024-06-12T16:14:34 IST" skipped="0">
  <testcase classname="projectpro.Testp" name="test" time="55.418"/>
</testsuite> <!-- projectpro.Testp -->
