<?xml version="1.0" encoding="UTF-8"?>
<!-- Generated by org.testng.reporters.JUnitReportReporter -->
<testsuite hostname="LAPTOP-G7E9IMHO" failures="0" tests="1" name="practices052024.Calender" time="60.793" errors="0" timestamp="2024-05-24T16:59:15 IST" skipped="0">
  <testcase classname="practices052024.Calender" name="method1" time="60.793"/>
</testsuite> <!-- practices052024.Calender -->
