<?xml version="1.0" encoding="UTF-8"?>
<!-- Generated by org.testng.reporters.JUnitReportReporter -->
<testsuite hostname="LAPTOP-G7E9IMHO" failures="0" tests="1" name="Demoele.Extentscreenshot" time="36.712" errors="0" timestamp="2024-06-04T15:19:23 IST" skipped="0">
  <testcase classname="Demoele.Extentscreenshot" name="extent" time="36.712"/>
</testsuite> <!-- Demoele.Extentscreenshot -->
