<?xml version="1.0" encoding="UTF-8"?>
<!-- Generated by org.testng.reporters.JUnitReportReporter -->
<testsuite hostname="LAPTOP-G7E9IMHO" failures="0" tests="1" name="facebook.mulwin" time="48.429" errors="0" timestamp="2024-06-10T09:17:03 IST" skipped="0">
  <testcase classname="facebook.mulwin" name="window" time="48.429"/>
</testsuite> <!-- facebook.mulwin -->
