<?xml version="1.0" encoding="UTF-8"?>
<!-- Generated by org.testng.reporters.JUnitReportReporter -->
<testsuite hostname="LAPTOP-G7E9IMHO" failures="0" tests="1" name="facebook.list" time="54.544" errors="0" timestamp="2024-06-09T08:51:14 IST" skipped="0">
  <testcase classname="facebook.list" name="listfind" time="54.544"/>
</testsuite> <!-- facebook.list -->
