<?xml version="1.0" encoding="UTF-8"?>
<!-- Generated by org.testng.reporters.JUnitReportReporter -->
<testsuite hostname="LAPTOP-G7E9IMHO" failures="0" tests="1" name="facebook.silder" time="21.655" errors="0" timestamp="2024-06-07T13:17:03 IST" skipped="0">
  <testcase classname="facebook.silder" name="method1" time="21.655"/>
</testsuite> <!-- facebook.silder -->
