<?xml version="1.0" encoding="UTF-8"?>
<!-- Generated by org.testng.reporters.JUnitReportReporter -->
<testsuite hostname="LAPTOP-G7E9IMHO" failures="0" tests="1" name="peoplerejectedme.Demo2" time="28.265" errors="0" timestamp="2024-06-21T11:30:04 IST" skipped="0">
  <testcase classname="peoplerejectedme.Demo2" name="button" time="28.265"/>
</testsuite> <!-- peoplerejectedme.Demo2 -->
