<?xml version="1.0" encoding="UTF-8"?>
<!-- Generated by org.testng.reporters.JUnitReportReporter -->
<testsuite hostname="LAPTOP-G7E9IMHO" failures="0" tests="1" name="kp2.Myjobproject.Test2" time="39.803" errors="0" timestamp="2024-03-30T09:28:38 IST" skipped="0">
  <testcase classname="kp2.Myjobproject.Test2" name="m1" time="39.803"/>
</testsuite> <!-- kp2.Myjobproject.Test2 -->
