<?xml version="1.0" encoding="UTF-8"?>
<!-- Generated by org.testng.reporters.JUnitReportReporter -->
<testsuite hostname="LAPTOP-G7E9IMHO" failures="0" tests="1" name="projectpro.extentsreport" time="44.524" errors="0" timestamp="2024-06-11T09:00:59 IST" skipped="0">
  <testcase classname="projectpro.extentsreport" name="extent" time="44.524"/>
</testsuite> <!-- projectpro.extentsreport -->
