<?xml version="1.0" encoding="UTF-8"?>
<!-- Generated by org.testng.reporters.JUnitReportReporter -->
<testsuite hostname="LAPTOP-G7E9IMHO" failures="0" tests="1" name="facebook.frame" time="13.571" errors="0" timestamp="2024-06-27T07:36:23 IST" skipped="0">
  <testcase classname="facebook.frame" name="frames" time="13.571"/>
</testsuite> <!-- facebook.frame -->
