<?xml version="1.0" encoding="UTF-8"?>
<!-- Generated by org.testng.reporters.JUnitReportReporter -->
<testsuite hostname="LAPTOP-G7E9IMHO" failures="0" tests="1" name="peoplerejectedme.Demo6" time="70.110" errors="0" timestamp="2024-06-29T09:49:07 IST" skipped="0">
  <testcase classname="peoplerejectedme.Demo6" name="draganddrop" time="70.110"/>
</testsuite> <!-- peoplerejectedme.Demo6 -->
