<?xml version="1.0" encoding="UTF-8"?>
<!-- Generated by org.testng.reporters.JUnitReportReporter -->
<testsuite hostname="LAPTOP-G7E9IMHO" failures="0" tests="1" name="facebook.selec" time="48.501" errors="0" timestamp="2024-06-10T18:17:50 IST" skipped="0">
  <testcase classname="facebook.selec" name="select" time="48.501"/>
</testsuite> <!-- facebook.selec -->
