<?xml version="1.0" encoding="UTF-8"?>
<!-- Generated by org.testng.reporters.JUnitReportReporter -->
<testsuite hostname="LAPTOP-G7E9IMHO" failures="0" tests="1" name="peoplerejectedme.Demo8" time="46.966" errors="0" timestamp="2024-06-29T15:44:13 IST" skipped="0">
  <testcase classname="peoplerejectedme.Demo8" name="table" time="46.966"/>
</testsuite> <!-- peoplerejectedme.Demo8 -->
